#
# A fatal error has been detected by the Java Runtime Environment:
#
#  EXCEPTION_ACCESS_VIOLATION (0xc0000005) at pc=0x000000006d94aebb, pid=7688, tid=12296
#
# JRE version: 6.0_30-b12
# Java VM: Java HotSpot(TM) 64-Bit Server VM (20.5-b03 mixed mode windows-amd64 compressed oops)
# Problematic frame:
# V  [jvm.dll+0x14aebb]
#
# If you would like to submit a bug report, please visit:
#   http://java.sun.com/webapps/bugreport/crash.jsp
#

---------------  T H R E A D  ---------------

Current thread (0x00000000069a9000):  JavaThread "JDWP Transport Listener: dt_socket" daemon [_thread_in_vm, id=12296, stack(0x0000000007320000,0x0000000007420000)]

siginfo: ExceptionCode=0xc0000005, reading address 0x00003b3e3b676e69

Registers:
RAX=0x000000000741f901, RBX=0x00000000069a9000, RCX=0x00003b3e3b676e69, RDX=0x00000000069a9000
RSP=0x000000000741f8e0, RBP=0x00003b3e3b676e69, RSI=0x000000000741f9c0, RDI=0x00000000005a8750
R8 =0x000000000741f9c0, R9 =0x0000000000000001, R10=0x0000000000000000, R11=0x2b00a749ffff0000
R12=0x0000000000000001, R13=0x0000000000000000, R14=0x0000000000000000, R15=0x0000000000000000
RIP=0x000000006d94aebb, EFLAGS=0x0000000000010206

Top of Stack: (sp=0x000000000741f8e0)
0x000000000741f8e0:   0000000000000000 000000006d4454d3
0x000000000741f8f0:   000000000741faf0 000000006db0b8f5
0x000000000741f900:   00000000069a9000 000000006db2ab6a
0x000000000741f910:   0000000000000000 00000000069a9000
0x000000000741f920:   000000000741f9c0 000000006d440d69
0x000000000741f930:   00000000069a9000 0000000000000000
0x000000000741f940:   0000000000000000 0000000000000000
0x000000000741f950:   0000000000000001 000000006d43ff6e
0x000000000741f960:   000000000741f9c0 00000000069f3658
0x000000000741f970:   0000000000000001 00003b3e3b676e69
0x000000000741f980:   0000000000000001 00003b3e3b676e69
0x000000000741f990:   000000000741faf0 000000006d424f64
0x000000000741f9a0:   000000000741faf0 0041520009000000
0x000000000741f9b0:   0000000006a2d650 0000000000000000
0x000000000741f9c0:   000000090741fa00 0000000000000000
0x000000000741f9d0:   0000000000000000 0000000000000000 

Instructions: (pc=0x000000006d94aebb)
0x000000006d94ae9b:   7c 24 48 48 83 c4 28 c3 cc cc cc cc cc cc cc cc
0x000000006d94aeab:   cc cc cc cc cc 48 53 48 83 ec 20 48 85 c9 74 55
0x000000006d94aebb:   48 8b 19 48 85 db 74 4d 48 b8 fe fe fe fe fe fe
0x000000006d94aecb:   fe fe 48 3b d8 74 3e 80 3d a7 f9 5e 00 00 74 16 


Register to memory mapping:

RAX=0x000000000741f901 is pointing into the stack for thread: 0x00000000069a9000
RBX=0x00000000069a9000 is a thread
RCX=0x00003b3e3b676e69 is an unknown value
RDX=0x00000000069a9000 is a thread
RSP=0x000000000741f8e0 is pointing into the stack for thread: 0x00000000069a9000
RBP=0x00003b3e3b676e69 is an unknown value
RSI=0x000000000741f9c0 is pointing into the stack for thread: 0x00000000069a9000
RDI=0x00000000005a8750 is an unknown value
R8 =0x000000000741f9c0 is pointing into the stack for thread: 0x00000000069a9000
R9 =0x0000000000000001 is an unknown value
R10=0x0000000000000000 is an unknown value
R11=0x2b00a749ffff0000 is an unknown value
R12=0x0000000000000001 is an unknown value
R13=0x0000000000000000 is an unknown value
R14=0x0000000000000000 is an unknown value
R15=0x0000000000000000 is an unknown value


Stack: [0x0000000007320000,0x0000000007420000],  sp=0x000000000741f8e0,  free space=1022k
Native frames: (J=compiled Java code, j=interpreted, Vv=VM code, C=native code)
V  [jvm.dll+0x14aebb]


---------------  P R O C E S S  ---------------

Java Threads: ( => current thread )
  0x00000000069d4000 JavaThread "Low Memory Detector" daemon [_thread_blocked, id=14572, stack(0x0000000007a50000,0x0000000007b50000)]
  0x00000000069d0800 JavaThread "C2 CompilerThread1" daemon [_thread_blocked, id=18436, stack(0x0000000007950000,0x0000000007a50000)]
  0x00000000069c2800 JavaThread "C2 CompilerThread0" daemon [_thread_blocked, id=25484, stack(0x0000000007850000,0x0000000007950000)]
  0x00000000069b8000 JavaThread "JDWP Command Reader" daemon [_thread_in_native, id=23844, stack(0x0000000007750000,0x0000000007850000)]
  0x00000000069ab000 JavaThread "JDWP Event Helper Thread" daemon [_thread_blocked, id=15832, stack(0x0000000007520000,0x0000000007620000)]
=>0x00000000069a9000 JavaThread "JDWP Transport Listener: dt_socket" daemon [_thread_in_vm, id=12296, stack(0x0000000007320000,0x0000000007420000)]
  0x0000000006956800 JavaThread "Attach Listener" daemon [_thread_blocked, id=20424, stack(0x0000000006c40000,0x0000000006d40000)]
  0x0000000006951000 JavaThread "Signal Dispatcher" daemon [_thread_blocked, id=18860, stack(0x0000000006b40000,0x0000000006c40000)]
  0x0000000000528000 JavaThread "Finalizer" daemon [_thread_blocked, id=23044, stack(0x0000000006840000,0x0000000006940000)]
  0x0000000000526800 JavaThread "Reference Handler" daemon [_thread_blocked, id=17920, stack(0x0000000006740000,0x0000000006840000)]
  0x00000000005ac800 JavaThread "main" [_thread_blocked, id=20876, stack(0x0000000002450000,0x0000000002550000)]

Other Threads:
  0x0000000000520000 VMThread [stack: 0x0000000006640000,0x0000000006740000] [id=13164]
  0x00000000069dd800 WatcherThread [stack: 0x0000000007b50000,0x0000000007c50000] [id=14124]

VM state:not at safepoint (normal execution)

VM Mutex/Monitor currently owned by a thread: None

Heap
 PSYoungGen      total 38016K, used 1305K [0x00000007d5a00000, 0x00000007d8460000, 0x0000000800000000)
  eden space 32640K, 4% used [0x00000007d5a00000,0x00000007d5b46690,0x00000007d79e0000)
  from space 5376K, 0% used [0x00000007d7f20000,0x00000007d7f20000,0x00000007d8460000)
  to   space 5376K, 0% used [0x00000007d79e0000,0x00000007d79e0000,0x00000007d7f20000)
 PSOldGen        total 86784K, used 0K [0x0000000780e00000, 0x00000007862c0000, 0x00000007d5a00000)
  object space 86784K, 0% used [0x0000000780e00000,0x0000000780e00000,0x00000007862c0000)
 PSPermGen       total 21248K, used 4714K [0x000000077bc00000, 0x000000077d0c0000, 0x0000000780e00000)
  object space 21248K, 22% used [0x000000077bc00000,0x000000077c09aa90,0x000000077d0c0000)

Code Cache  [0x0000000002550000, 0x00000000027c0000, 0x0000000005550000)
 total_blobs=170 nmethods=1 adapters=131 free_code_cache=49945344 largest_free_block=10368

Dynamic libraries:
0x0000000000400000 - 0x000000000042f000 	C:\Program Files\Java\jre6\bin\javaw.exe
0x00000000768f0000 - 0x0000000076a99000 	C:\windows\SYSTEM32\ntdll.dll
0x0000000076d30000 - 0x0000000076e4f000 	C:\windows\system32\kernel32.dll
0x000007fefca40000 - 0x000007fefcaac000 	C:\windows\system32\KERNELBASE.dll
0x000007fefea20000 - 0x000007fefeafb000 	C:\windows\system32\ADVAPI32.dll
0x000007fefcf40000 - 0x000007fefcfdf000 	C:\windows\system32\msvcrt.dll
0x000007fefea00000 - 0x000007fefea1f000 	C:\windows\SYSTEM32\sechost.dll
0x000007fefd5e0000 - 0x000007fefd70d000 	C:\windows\system32\RPCRT4.dll
0x0000000076e50000 - 0x0000000076f4a000 	C:\windows\system32\USER32.dll
0x000007fefeee0000 - 0x000007fefef47000 	C:\windows\system32\GDI32.dll
0x000007fefd710000 - 0x000007fefd71e000 	C:\windows\system32\LPK.dll
0x000007fefe5c0000 - 0x000007fefe689000 	C:\windows\system32\USP10.dll
0x000007fefe590000 - 0x000007fefe5be000 	C:\windows\system32\IMM32.DLL
0x000007fefedd0000 - 0x000007fefeed9000 	C:\windows\system32\MSCTF.dll
0x000000006d800000 - 0x000000006dfb8000 	C:\Program Files\Java\jre6\bin\server\jvm.dll
0x000007fefcb30000 - 0x000007fefcb6b000 	C:\windows\system32\WINMM.dll
0x000000006d770000 - 0x000000006d77e000 	C:\Program Files\Java\jre6\bin\verify.dll
0x000000006d3b0000 - 0x000000006d3d7000 	C:\Program Files\Java\jre6\bin\java.dll
0x000000006d420000 - 0x000000006d454000 	C:\Program Files\Java\jre6\bin\jdwp.dll
0x000000006d640000 - 0x000000006d648000 	C:\Program Files\Java\jre6\bin\npt.dll
0x000000006d7c0000 - 0x000000006d7d2000 	C:\Program Files\Java\jre6\bin\zip.dll
0x000000006d270000 - 0x000000006d279000 	C:\Program Files\Java\jre6\bin\dt_socket.dll
0x000007fefe730000 - 0x000007fefe77d000 	C:\windows\system32\WS2_32.dll
0x000007fefceb0000 - 0x000007fefceb8000 	C:\windows\system32\NSI.dll
0x000007fefb240000 - 0x000007fefb255000 	C:\windows\system32\NLAapi.dll
0x000007fef2570000 - 0x000007fef2585000 	C:\windows\system32\napinsp.dll
0x000007fef2550000 - 0x000007fef2569000 	C:\windows\system32\pnrpnsp.dll
0x000007fefc0a0000 - 0x000007fefc0f5000 	C:\windows\System32\mswsock.dll
0x000007fefbf20000 - 0x000007fefbf7b000 	C:\windows\system32\DNSAPI.dll
0x000007fef24c0000 - 0x000007fef24cb000 	C:\windows\System32\winrnr.dll
0x000007fef2c50000 - 0x000007fef2c7e000 	C:\Program Files\Common Files\Microsoft Shared\Windows Live\WLIDNSP.DLL
0x0000000076f50000 - 0x0000000076f57000 	C:\windows\system32\PSAPI.DLL
0x000007fefcec0000 - 0x000007fefcf31000 	C:\windows\system32\SHLWAPI.dll
0x000007fef24b0000 - 0x000007fef24c0000 	C:\windows\system32\wshbth.dll
0x000000006d0c0000 - 0x000000006d0e6000 	C:\Program Files\Bonjour\mdnsNSP.dll
0x000007fef9430000 - 0x000007fef9457000 	C:\windows\system32\Iphlpapi.DLL
0x000007fef9420000 - 0x000007fef942b000 	C:\windows\system32\WINNSI.DLL
0x000007fef9290000 - 0x000007fef92e3000 	C:\windows\System32\fwpuclnt.dll
0x000007fef2c40000 - 0x000007fef2c48000 	C:\windows\system32\rasadhlp.dll
0x000007fefba30000 - 0x000007fefba37000 	C:\windows\System32\wshtcpip.dll

VM Arguments:
jvm_args: -agentlib:jdwp=transport=dt_socket,suspend=y,address=localhost:55519 -Dfile.encoding=GBK 
java_command: JavaInterviewQueston.Problem1
Launcher Type: SUN_STANDARD

Environment Variables:
JAVA_HOME=C:\Program Files\Java\jdk1.6.0_30
CLASSPATH=E:\MUM\DE.ONLINE.COURSES\DE.CS440.Nov.2014.Compiler\Lab\Lab2\lab2;C:\Program Files\Java\jdk1.6.0_30\lib;E:\MUM\DE.ONLINE.COURSES\DE.CS440.Nov.2014.Compiler\Lab\Lab2\sablecc-3.6\lib;
PATH=E:\MUM\DE.ONLINE.COURSES\DE.CS440.Nov.2014.Compiler\Lab\Lab2\sablecc-3.6\bin;C:\MinGW\bin;C:\MinGW\libexec\gcc\x86_64-pc-mingw32\4.7.3;C:\Program Files (x86)\AMD APP\bin\x86_64;C:\Program Files (x86)\AMD APP\bin\x86;C:\Program Files\Common Files\Microsoft Shared\Windows Live;C:\Program Files (x86)\Common Files\Microsoft Shared\Windows Live;C:\windows\system32;C:\windows;C:\windows\System32\Wbem;C:\windows\System32\WindowsPowerShell\v1.0\;C:\Program Files (x86)\ATI Technologies\ATI.ACE\Core-Static;C:\Program Files\Intel\WiFi\bin\;C:\Program Files\Common Files\Intel\WirelessCommon\;C:\Program Files\Lenovo\Bluetooth Software\;C:\Program Files\Lenovo\Bluetooth Software\syswow64;C:\Program Files\Broadcom\WHL\;C:\Program Files\Broadcom\WHL\syswow64;C:\Program Files\Broadcom\WHL\SysWow64\;C:\Program Files\Broadcom\WHL\SysWow64\syswow64;C:\Program Files (x86)\Windows Live\Shared;C:\Program Files\Java\jdk1.6.0_30;C:\Program Files\Java\jdk1.6.0_30\bin;C:\Program Files (x86)\VisualSVN Server\bin;C:\Program Files\TortoiseSVN\bin;C:\Program Files (x86)\VisualSVN Server\bin;E:\MUM\DE.ONLINE.COURSES\DE. CS440. Nov 2013.Modern Compiler Implementation in Java\Assignments\lab2\sableccwork;E:\MUM\DE.ONLINE.COURSES\DE.CS465.March.2014. July 2013.OperatingSystems\Lab\fileSystem\workspace\fileSystemLab\src;d:\Program Files (x86)\GnuWin32\bin;D:\Program Files (x86)\Microsoft SQL Server\100\Tools\Binn\;D:\Program Files\Microsoft SQL Server\100\Tools\Binn\;D:\Program Files\Microsoft SQL Server\100\DTS\Binn\;D:\Program Files (x86)\Microsoft SQL Server\100\Tools\Binn\VSShell\Common7\IDE\;C:\Program Files (x86)\Microsoft Visual Studio 9.0\Common7\IDE\PrivateAssemblies\;D:\Program Files (x86)\Microsoft SQL Server\100\DTS\Binn\
USERNAME=lenovo
OS=Windows_NT
PROCESSOR_IDENTIFIER=Intel64 Family 6 Model 42 Stepping 7, GenuineIntel



---------------  S Y S T E M  ---------------

OS: Windows 7 , 64 bit Build 7601 Service Pack 1

CPU:total 4 (2 cores per cpu, 2 threads per core) family 6 model 42 stepping 7, cmov, cx8, fxsr, mmx, sse, sse2, sse3, ssse3, sse4.1, sse4.2, popcnt, ht

Memory: 4k page, physical 8331120k(891780k free), swap 16660404k(2601160k free)

vm_info: Java HotSpot(TM) 64-Bit Server VM (20.5-b03) for windows-amd64 JRE (1.6.0_30-b12), built on Nov 10 2011 01:49:46 by "java_re" with MS VC++ 8.0 (VS2005)

time: Sun Jul 19 05:33:56 2015
elapsed time: 37198 seconds

